## ComfyUI-Manager: installing dependencies done.
[2025-02-10 13:00:30.225] ** ComfyUI startup time: 2025-02-10 13:00:30.225
[2025-02-10 13:00:30.226] ** Platform: Linux
[2025-02-10 13:00:30.226] ** Python version: 3.10.12 (main, Jan 17 2025, 14:35:34) [GCC 11.4.0]
[2025-02-10 13:00:30.226] ** Python executable: /usr/bin/python3
[2025-02-10 13:00:30.227] ** ComfyUI Path: /workspace/ComfyUI
[2025-02-10 13:00:30.227] ** ComfyUI Base Folder Path: /workspace/ComfyUI
[2025-02-10 13:00:30.227] ** User directory: /workspace/ComfyUI/user
[2025-02-10 13:00:30.227] ** ComfyUI-Manager config path: /workspace/ComfyUI/user/default/ComfyUI-Manager/config.ini
[2025-02-10 13:00:30.228] ** Log path: /workspace/ComfyUI/user/comfyui.log

Prestartup times for custom nodes:
[2025-02-10 13:00:34.995]    6.1 seconds: /workspace/ComfyUI/custom_nodes/ComfyUI-Manager
[2025-02-10 13:00:34.995] 
[2025-02-10 13:00:36.685] Checkpoint files will always be loaded safely.
[2025-02-10 13:00:37.294] Total VRAM 45515 MB, total RAM 515597 MB
[2025-02-10 13:00:37.294] pytorch version: 2.6.0+cu126
[2025-02-10 13:00:37.296] Set vram state to: NORMAL_VRAM
[2025-02-10 13:00:37.296] Device: cuda:0 NVIDIA A40 : cudaMallocAsync
[2025-02-10 13:00:38.844] Using pytorch attention
[2025-02-10 13:00:41.637] ComfyUI version: 0.3.14
[2025-02-10 13:00:41.648] [Prompt Server] web root: /workspace/ComfyUI/web
[2025-02-10 13:00:43.275] generated new fontManager
[2025-02-10 13:00:44.386] no module 'xformers'. Processing without...
[2025-02-10 13:00:44.398] no module 'xformers'. Processing without...
[2025-02-10 13:00:44.846] Creating new Ultralytics Settings v0.0.6 file ✅ 
View Ultralytics Settings with 'yolo settings' or at '/root/.config/Ultralytics/settings.json'
Update Settings with 'yolo settings key=value', i.e. 'yolo settings runs_dir=path/to/dir'. For help see https://docs.ultralytics.com/quickstart/#ultralytics-settings.
[2025-02-10 13:00:45.228] ### Loading: ComfyUI-Manager (V3.18.1)
[2025-02-10 13:00:45.393] ### ComfyUI Version: v0.3.14-12-g4027466c | Released on '2025-02-10'
[2025-02-10 13:00:45.522] [ComfyUI-Manager] default cache updated: https://raw.githubusercontent.com/ltdrdata/ComfyUI-Manager/main/alter-list.json
[2025-02-10 13:00:45.539] [ComfyUI-Manager] default cache updated: https://raw.githubusercontent.com/ltdrdata/ComfyUI-Manager/main/model-list.json
[2025-02-10 13:00:45.605] [ComfyUI-Manager] default cache updated: https://raw.githubusercontent.com/ltdrdata/ComfyUI-Manager/main/custom-node-list.json
[2025-02-10 13:00:45.650] [ComfyUI-Manager] default cache updated: https://raw.githubusercontent.com/ltdrdata/ComfyUI-Manager/main/github-stats.json
[2025-02-10 13:00:45.712] [ComfyUI-Manager] default cache updated: https://raw.githubusercontent.com/ltdrdata/ComfyUI-Manager/main/extension-node-map.json
[2025-02-10 13:00:45.722] 
Import times for custom nodes:
[2025-02-10 13:00:45.722]    0.0 seconds: /workspace/ComfyUI/custom_nodes/websocket_image_save.py
[2025-02-10 13:00:45.723]    0.2 seconds: /workspace/ComfyUI/custom_nodes/Comfy-WaveSpeed
[2025-02-10 13:00:45.724]    0.4 seconds: /workspace/ComfyUI/custom_nodes/ComfyUI-Manager
[2025-02-10 13:00:45.724]    0.5 seconds: /workspace/ComfyUI/custom_nodes/ComfyUI-AdvancedLivePortrait
[2025-02-10 13:00:45.724]    1.9 seconds: /workspace/ComfyUI/custom_nodes/ComfyUI-SUPIR
[2025-02-10 13:00:45.724] 
[2025-02-10 13:00:45.752] Starting server

[2025-02-10 13:00:45.753] To see the GUI go to: http://0.0.0.0:3000
[2025-02-10 13:00:45.753] To see the GUI go to: http://[::]:3000
[2025-02-10 13:00:48.584] FETCH ComfyRegistry Data: 5/33
[2025-02-10 13:00:51.889] FETCH ComfyRegistry Data: 10/33
[2025-02-10 13:00:55.175] FETCH ComfyRegistry Data: 15/33
[2025-02-10 13:00:58.513] FETCH ComfyRegistry Data: 20/33
[2025-02-10 13:01:01.799] FETCH ComfyRegistry Data: 25/33
[2025-02-10 13:01:05.096] FETCH ComfyRegistry Data: 30/33
[2025-02-10 13:01:07.517] FETCH ComfyRegistry Data [DONE]
[2025-02-10 13:01:07.609] [ComfyUI-Manager] default cache updated: https://api.comfy.org/nodes
[2025-02-10 13:01:07.728] nightly_channel: 
https://raw.githubusercontent.com/ltdrdata/ComfyUI-Manager/main/remote
[2025-02-10 13:01:07.749] FETCH DATA from: https://raw.githubusercontent.com/ltdrdata/ComfyUI-Manager/main/custom-node-list.json [DONE]
[2025-02-10 13:01:07.951] [ComfyUI-Manager] All startup tasks have been completed.
[2025-02-10 13:01:28.719] FETCH DATA from: /workspace/ComfyUI/custom_nodes/ComfyUI-Manager/extension-node-map.json [DONE]
[2025-02-10 13:04:59.720] FETCH DATA from: /workspace/ComfyUI/custom_nodes/ComfyUI-Manager/extension-node-map.json [DONE]
[2025-02-10 13:05:17.800] FETCH DATA from: /workspace/ComfyUI/custom_nodes/ComfyUI-Manager/extension-node-map.json [DONE]
